{"C:\\Users\\HP 830 G5\\Desktop\\mycontacts\\server\\src\\index.js": {"path":"C:\\Users\\HP 830 G5\\Desktop\\mycontacts\\server\\src\\index.js","statementMap":{"0":{"start":{"line":1,"column":0},"end":{"line":1,"column":27}},"1":{"start":{"line":2,"column":16},"end":{"line":2,"column":34}},"2":{"start":{"line":3,"column":13},"end":{"line":3,"column":28}},"3":{"start":{"line":4,"column":18},"end":{"line":4,"column":40}},"4":{"start":{"line":5,"column":19},"end":{"line":5,"column":50}},"5":{"start":{"line":6,"column":22},"end":{"line":6,"column":56}},"6":{"start":{"line":7,"column":18},"end":{"line":7,"column":47}},"7":{"start":{"line":8,"column":20},"end":{"line":8,"column":45}},"8":{"start":{"line":10,"column":12},"end":{"line":10,"column":21}},"9":{"start":{"line":12,"column":0},"end":{"line":12,"column":16}},"10":{"start":{"line":13,"column":0},"end":{"line":13,"column":24}},"11":{"start":{"line":16,"column":0},"end":{"line":16,"column":57}},"12":{"start":{"line":16,"column":33},"end":{"line":16,"column":55}},"13":{"start":{"line":19,"column":0},"end":{"line":19,"column":29}},"14":{"start":{"line":20,"column":0},"end":{"line":20,"column":36}},"15":{"start":{"line":23,"column":0},"end":{"line":23,"column":64}},"16":{"start":{"line":26,"column":0},"end":{"line":26,"column":21}},"17":{"start":{"line":29,"column":0},"end":{"line":40,"column":1}},"18":{"start":{"line":30,"column":15},"end":{"line":30,"column":39}},"19":{"start":{"line":31,"column":2},"end":{"line":39,"column":7}},"20":{"start":{"line":32,"column":16},"end":{"line":35,"column":6}},"21":{"start":{"line":33,"column":6},"end":{"line":33,"column":51}},"22":{"start":{"line":34,"column":6},"end":{"line":34,"column":57}},"23":{"start":{"line":37,"column":6},"end":{"line":37,"column":50}},"24":{"start":{"line":38,"column":6},"end":{"line":38,"column":22}}},"fnMap":{"0":{"name":"(anonymous_0)","decl":{"start":{"line":16,"column":19},"end":{"line":16,"column":20}},"loc":{"start":{"line":16,"column":33},"end":{"line":16,"column":55}},"line":16},"1":{"name":"(anonymous_1)","decl":{"start":{"line":32,"column":10},"end":{"line":32,"column":11}},"loc":{"start":{"line":32,"column":16},"end":{"line":35,"column":6}},"line":32},"2":{"name":"(anonymous_2)","decl":{"start":{"line":32,"column":33},"end":{"line":32,"column":34}},"loc":{"start":{"line":32,"column":39},"end":{"line":35,"column":5}},"line":32},"3":{"name":"(anonymous_3)","decl":{"start":{"line":36,"column":11},"end":{"line":36,"column":12}},"loc":{"start":{"line":36,"column":18},"end":{"line":39,"column":5}},"line":36}},"branchMap":{"0":{"loc":{"start":{"line":29,"column":0},"end":{"line":40,"column":1}},"type":"if","locations":[{"start":{"line":29,"column":0},"end":{"line":40,"column":1}},{"start":{},"end":{}}],"line":29},"1":{"loc":{"start":{"line":30,"column":15},"end":{"line":30,"column":39}},"type":"binary-expr","locations":[{"start":{"line":30,"column":15},"end":{"line":30,"column":31}},{"start":{"line":30,"column":35},"end":{"line":30,"column":39}}],"line":30}},"s":{"0":2,"1":2,"2":2,"3":2,"4":2,"5":2,"6":2,"7":2,"8":2,"9":2,"10":2,"11":2,"12":0,"13":2,"14":2,"15":2,"16":2,"17":2,"18":0,"19":0,"20":0,"21":0,"22":0,"23":0,"24":0},"f":{"0":0,"1":0,"2":0,"3":0},"b":{"0":[0,2],"1":[0,0]},"_coverageSchema":"1a1c01bbd47fc00a2c39e90264f33305004495a9","hash":"8dde7d630cf4736a849b1d41f2c43f6f2020d665"}
,"C:\\Users\\HP 830 G5\\Desktop\\mycontacts\\server\\src\\config\\db.js": {"path":"C:\\Users\\HP 830 G5\\Desktop\\mycontacts\\server\\src\\config\\db.js","statementMap":{"0":{"start":{"line":1,"column":17},"end":{"line":1,"column":36}},"1":{"start":{"line":4,"column":14},"end":{"line":4,"column":37}},"2":{"start":{"line":5,"column":2},"end":{"line":5,"column":50}},"3":{"start":{"line":6,"column":2},"end":{"line":6,"column":52}},"4":{"start":{"line":7,"column":2},"end":{"line":7,"column":51}},"5":{"start":{"line":7,"column":12},"end":{"line":7,"column":51}},"6":{"start":{"line":8,"column":2},"end":{"line":8,"column":36}},"7":{"start":{"line":9,"column":2},"end":{"line":9,"column":30}},"8":{"start":{"line":10,"column":2},"end":{"line":10,"column":37}},"9":{"start":{"line":12,"column":0},"end":{"line":12,"column":27}}},"fnMap":{"0":{"name":"connectDB","decl":{"start":{"line":3,"column":15},"end":{"line":3,"column":24}},"loc":{"start":{"line":3,"column":27},"end":{"line":11,"column":1}},"line":3}},"branchMap":{"0":{"loc":{"start":{"line":6,"column":30},"end":{"line":6,"column":50}},"type":"cond-expr","locations":[{"start":{"line":6,"column":36},"end":{"line":6,"column":46}},{"start":{"line":6,"column":49},"end":{"line":6,"column":50}}],"line":6},"1":{"loc":{"start":{"line":7,"column":2},"end":{"line":7,"column":51}},"type":"if","locations":[{"start":{"line":7,"column":2},"end":{"line":7,"column":51}},{"start":{},"end":{}}],"line":7}},"s":{"0":2,"1":0,"2":0,"3":0,"4":0,"5":0,"6":0,"7":0,"8":0,"9":2},"f":{"0":0},"b":{"0":[0,0],"1":[0,0]},"_coverageSchema":"1a1c01bbd47fc00a2c39e90264f33305004495a9","hash":"8baaa8ec4fbf5cfcccb04d2b021baef9243947c1"}
,"C:\\Users\\HP 830 G5\\Desktop\\mycontacts\\server\\src\\docs\\swagger.js": {"path":"C:\\Users\\HP 830 G5\\Desktop\\mycontacts\\server\\src\\docs\\swagger.js","statementMap":{"0":{"start":{"line":1,"column":21},"end":{"line":1,"column":45}},"1":{"start":{"line":3,"column":16},"end":{"line":28,"column":1}},"2":{"start":{"line":30,"column":20},"end":{"line":30,"column":41}},"3":{"start":{"line":32,"column":0},"end":{"line":32,"column":29}}},"fnMap":{},"branchMap":{},"s":{"0":2,"1":2,"2":2,"3":2},"f":{},"b":{},"_coverageSchema":"1a1c01bbd47fc00a2c39e90264f33305004495a9","hash":"ef0769315d4e4952ad82e544162dc5dd4a1c75ee"}
,"C:\\Users\\HP 830 G5\\Desktop\\mycontacts\\server\\src\\middleware\\requireAuth.js": {"path":"C:\\Users\\HP 830 G5\\Desktop\\mycontacts\\server\\src\\middleware\\requireAuth.js","statementMap":{"0":{"start":{"line":1,"column":12},"end":{"line":1,"column":35}},"1":{"start":{"line":4,"column":17},"end":{"line":4,"column":48}},"2":{"start":{"line":5,"column":24},"end":{"line":5,"column":41}},"3":{"start":{"line":6,"column":2},"end":{"line":8,"column":3}},"4":{"start":{"line":7,"column":4},"end":{"line":7,"column":88}},"5":{"start":{"line":9,"column":2},"end":{"line":15,"column":3}},"6":{"start":{"line":10,"column":20},"end":{"line":10,"column":61}},"7":{"start":{"line":11,"column":4},"end":{"line":11,"column":35}},"8":{"start":{"line":12,"column":4},"end":{"line":12,"column":18}},"9":{"start":{"line":14,"column":4},"end":{"line":14,"column":73}},"10":{"start":{"line":18,"column":0},"end":{"line":18,"column":29}}},"fnMap":{"0":{"name":"requireAuth","decl":{"start":{"line":3,"column":9},"end":{"line":3,"column":20}},"loc":{"start":{"line":3,"column":37},"end":{"line":16,"column":1}},"line":3}},"branchMap":{"0":{"loc":{"start":{"line":4,"column":17},"end":{"line":4,"column":48}},"type":"binary-expr","locations":[{"start":{"line":4,"column":17},"end":{"line":4,"column":42}},{"start":{"line":4,"column":46},"end":{"line":4,"column":48}}],"line":4},"1":{"loc":{"start":{"line":6,"column":2},"end":{"line":8,"column":3}},"type":"if","locations":[{"start":{"line":6,"column":2},"end":{"line":8,"column":3}},{"start":{},"end":{}}],"line":6},"2":{"loc":{"start":{"line":6,"column":6},"end":{"line":6,"column":33}},"type":"binary-expr","locations":[{"start":{"line":6,"column":6},"end":{"line":6,"column":23}},{"start":{"line":6,"column":27},"end":{"line":6,"column":33}}],"line":6}},"s":{"0":2,"1":6,"2":6,"3":6,"4":2,"5":4,"6":4,"7":4,"8":4,"9":0,"10":2},"f":{"0":6},"b":{"0":[6,2],"1":[2,4],"2":[6,4]},"_coverageSchema":"1a1c01bbd47fc00a2c39e90264f33305004495a9","hash":"3d1329efa1f17c3bf18b63ab3f98568c00dc60e5"}
,"C:\\Users\\HP 830 G5\\Desktop\\mycontacts\\server\\src\\models\\Contact.js": {"path":"C:\\Users\\HP 830 G5\\Desktop\\mycontacts\\server\\src\\models\\Contact.js","statementMap":{"0":{"start":{"line":1,"column":17},"end":{"line":1,"column":36}},"1":{"start":{"line":3,"column":22},"end":{"line":33,"column":2}},"2":{"start":{"line":35,"column":0},"end":{"line":35,"column":58}}},"fnMap":{},"branchMap":{},"s":{"0":2,"1":2,"2":2},"f":{},"b":{},"_coverageSchema":"1a1c01bbd47fc00a2c39e90264f33305004495a9","hash":"ce68d7fc3ddc323620cc50d89ec6e056d0eafb4d"}
,"C:\\Users\\HP 830 G5\\Desktop\\mycontacts\\server\\src\\models\\User.js": {"path":"C:\\Users\\HP 830 G5\\Desktop\\mycontacts\\server\\src\\models\\User.js","statementMap":{"0":{"start":{"line":1,"column":17},"end":{"line":1,"column":36}},"1":{"start":{"line":3,"column":19},"end":{"line":16,"column":1}},"2":{"start":{"line":19,"column":0},"end":{"line":23,"column":2}},"3":{"start":{"line":20,"column":14},"end":{"line":20,"column":29}},"4":{"start":{"line":21,"column":2},"end":{"line":21,"column":26}},"5":{"start":{"line":22,"column":2},"end":{"line":22,"column":13}},"6":{"start":{"line":25,"column":0},"end":{"line":25,"column":52}}},"fnMap":{"0":{"name":"(anonymous_0)","decl":{"start":{"line":19,"column":28},"end":{"line":19,"column":29}},"loc":{"start":{"line":19,"column":40},"end":{"line":23,"column":1}},"line":19}},"branchMap":{},"s":{"0":2,"1":2,"2":2,"3":0,"4":0,"5":0,"6":2},"f":{"0":0},"b":{},"_coverageSchema":"1a1c01bbd47fc00a2c39e90264f33305004495a9","hash":"fb3c97f9ae8080d7290ec0940e03e45e145ab0d7"}
,"C:\\Users\\HP 830 G5\\Desktop\\mycontacts\\server\\src\\routes\\auth.routes.js": {"path":"C:\\Users\\HP 830 G5\\Desktop\\mycontacts\\server\\src\\routes\\auth.routes.js","statementMap":{"0":{"start":{"line":1,"column":16},"end":{"line":1,"column":34}},"1":{"start":{"line":2,"column":15},"end":{"line":2,"column":32}},"2":{"start":{"line":3,"column":12},"end":{"line":3,"column":35}},"3":{"start":{"line":4,"column":13},"end":{"line":4,"column":38}},"4":{"start":{"line":5,"column":20},"end":{"line":5,"column":56}},"5":{"start":{"line":7,"column":15},"end":{"line":7,"column":31}},"6":{"start":{"line":9,"column":0},"end":{"line":48,"column":3}},"7":{"start":{"line":10,"column":2},"end":{"line":47,"column":3}},"8":{"start":{"line":11,"column":32},"end":{"line":11,"column":40}},"9":{"start":{"line":13,"column":4},"end":{"line":15,"column":5}},"10":{"start":{"line":14,"column":6},"end":{"line":14,"column":84}},"11":{"start":{"line":17,"column":19},"end":{"line":17,"column":48}},"12":{"start":{"line":18,"column":4},"end":{"line":18,"column":85}},"13":{"start":{"line":18,"column":16},"end":{"line":18,"column":85}},"14":{"start":{"line":20,"column":25},"end":{"line":20,"column":56}},"15":{"start":{"line":21,"column":17},"end":{"line":21,"column":59}},"16":{"start":{"line":24,"column":18},"end":{"line":28,"column":5}},"17":{"start":{"line":30,"column":4},"end":{"line":37,"column":7}},"18":{"start":{"line":39,"column":4},"end":{"line":39,"column":21}},"19":{"start":{"line":42,"column":4},"end":{"line":44,"column":5}},"20":{"start":{"line":43,"column":6},"end":{"line":43,"column":81}},"21":{"start":{"line":46,"column":4},"end":{"line":46,"column":61}},"22":{"start":{"line":50,"column":0},"end":{"line":73,"column":3}},"23":{"start":{"line":51,"column":2},"end":{"line":72,"column":3}},"24":{"start":{"line":52,"column":32},"end":{"line":52,"column":40}},"25":{"start":{"line":54,"column":4},"end":{"line":54,"column":101}},"26":{"start":{"line":54,"column":29},"end":{"line":54,"column":101}},"27":{"start":{"line":56,"column":17},"end":{"line":56,"column":46}},"28":{"start":{"line":57,"column":4},"end":{"line":57,"column":79}},"29":{"start":{"line":57,"column":15},"end":{"line":57,"column":79}},"30":{"start":{"line":59,"column":15},"end":{"line":59,"column":64}},"31":{"start":{"line":60,"column":4},"end":{"line":60,"column":77}},"32":{"start":{"line":60,"column":13},"end":{"line":60,"column":77}},"33":{"start":{"line":62,"column":18},"end":{"line":66,"column":5}},"34":{"start":{"line":68,"column":4},"end":{"line":68,"column":31}},"35":{"start":{"line":70,"column":4},"end":{"line":70,"column":21}},"36":{"start":{"line":71,"column":4},"end":{"line":71,"column":61}},"37":{"start":{"line":75,"column":0},"end":{"line":79,"column":3}},"38":{"start":{"line":76,"column":15},"end":{"line":76,"column":47}},"39":{"start":{"line":77,"column":2},"end":{"line":77,"column":72}},"40":{"start":{"line":77,"column":13},"end":{"line":77,"column":72}},"41":{"start":{"line":78,"column":2},"end":{"line":78,"column":75}},"42":{"start":{"line":81,"column":0},"end":{"line":81,"column":24}}},"fnMap":{"0":{"name":"(anonymous_0)","decl":{"start":{"line":9,"column":25},"end":{"line":9,"column":26}},"loc":{"start":{"line":9,"column":45},"end":{"line":48,"column":1}},"line":9},"1":{"name":"(anonymous_1)","decl":{"start":{"line":50,"column":22},"end":{"line":50,"column":23}},"loc":{"start":{"line":50,"column":42},"end":{"line":73,"column":1}},"line":50},"2":{"name":"(anonymous_2)","decl":{"start":{"line":75,"column":31},"end":{"line":75,"column":32}},"loc":{"start":{"line":75,"column":51},"end":{"line":79,"column":1}},"line":75}},"branchMap":{"0":{"loc":{"start":{"line":13,"column":4},"end":{"line":15,"column":5}},"type":"if","locations":[{"start":{"line":13,"column":4},"end":{"line":15,"column":5}},{"start":{},"end":{}}],"line":13},"1":{"loc":{"start":{"line":13,"column":8},"end":{"line":13,"column":50}},"type":"binary-expr","locations":[{"start":{"line":13,"column":8},"end":{"line":13,"column":14}},{"start":{"line":13,"column":18},"end":{"line":13,"column":27}},{"start":{"line":13,"column":31},"end":{"line":13,"column":50}}],"line":13},"2":{"loc":{"start":{"line":18,"column":4},"end":{"line":18,"column":85}},"type":"if","locations":[{"start":{"line":18,"column":4},"end":{"line":18,"column":85}},{"start":{},"end":{}}],"line":18},"3":{"loc":{"start":{"line":42,"column":4},"end":{"line":44,"column":5}},"type":"if","locations":[{"start":{"line":42,"column":4},"end":{"line":44,"column":5}},{"start":{},"end":{}}],"line":42},"4":{"loc":{"start":{"line":54,"column":4},"end":{"line":54,"column":101}},"type":"if","locations":[{"start":{"line":54,"column":4},"end":{"line":54,"column":101}},{"start":{},"end":{}}],"line":54},"5":{"loc":{"start":{"line":54,"column":8},"end":{"line":54,"column":27}},"type":"binary-expr","locations":[{"start":{"line":54,"column":8},"end":{"line":54,"column":14}},{"start":{"line":54,"column":18},"end":{"line":54,"column":27}}],"line":54},"6":{"loc":{"start":{"line":57,"column":4},"end":{"line":57,"column":79}},"type":"if","locations":[{"start":{"line":57,"column":4},"end":{"line":57,"column":79}},{"start":{},"end":{}}],"line":57},"7":{"loc":{"start":{"line":60,"column":4},"end":{"line":60,"column":77}},"type":"if","locations":[{"start":{"line":60,"column":4},"end":{"line":60,"column":77}},{"start":{},"end":{}}],"line":60},"8":{"loc":{"start":{"line":77,"column":2},"end":{"line":77,"column":72}},"type":"if","locations":[{"start":{"line":77,"column":2},"end":{"line":77,"column":72}},{"start":{},"end":{}}],"line":77}},"s":{"0":2,"1":2,"2":2,"3":2,"4":2,"5":2,"6":2,"7":4,"8":4,"9":4,"10":0,"11":4,"12":4,"13":0,"14":4,"15":4,"16":3,"17":3,"18":1,"19":1,"20":1,"21":0,"22":2,"23":2,"24":2,"25":2,"26":0,"27":2,"28":2,"29":1,"30":1,"31":1,"32":0,"33":1,"34":1,"35":0,"36":0,"37":2,"38":0,"39":0,"40":0,"41":0,"42":2},"f":{"0":4,"1":2,"2":0},"b":{"0":[0,4],"1":[4,4,4],"2":[0,4],"3":[1,0],"4":[0,2],"5":[2,2],"6":[1,1],"7":[0,1],"8":[0,0]},"_coverageSchema":"1a1c01bbd47fc00a2c39e90264f33305004495a9","hash":"90574fe1c665b571864348658c35fe587d4d95a2"}
,"C:\\Users\\HP 830 G5\\Desktop\\mycontacts\\server\\src\\routes\\contact.routes.js": {"path":"C:\\Users\\HP 830 G5\\Desktop\\mycontacts\\server\\src\\routes\\contact.routes.js","statementMap":{"0":{"start":{"line":1,"column":16},"end":{"line":1,"column":34}},"1":{"start":{"line":2,"column":16},"end":{"line":2,"column":44}},"2":{"start":{"line":3,"column":20},"end":{"line":3,"column":56}},"3":{"start":{"line":5,"column":15},"end":{"line":5,"column":31}},"4":{"start":{"line":7,"column":0},"end":{"line":7,"column":24}},"5":{"start":{"line":23,"column":0},"end":{"line":31,"column":3}},"6":{"start":{"line":24,"column":2},"end":{"line":30,"column":3}},"7":{"start":{"line":25,"column":21},"end":{"line":25,"column":63}},"8":{"start":{"line":26,"column":4},"end":{"line":26,"column":23}},"9":{"start":{"line":28,"column":4},"end":{"line":28,"column":21}},"10":{"start":{"line":29,"column":4},"end":{"line":29,"column":54}},"11":{"start":{"line":69,"column":0},"end":{"line":93,"column":3}},"12":{"start":{"line":70,"column":2},"end":{"line":92,"column":3}},"13":{"start":{"line":71,"column":43},"end":{"line":71,"column":51}},"14":{"start":{"line":73,"column":4},"end":{"line":75,"column":5}},"15":{"start":{"line":74,"column":6},"end":{"line":74,"column":89}},"16":{"start":{"line":77,"column":4},"end":{"line":79,"column":5}},"17":{"start":{"line":78,"column":6},"end":{"line":78,"column":93}},"18":{"start":{"line":81,"column":20},"end":{"line":86,"column":6}},"19":{"start":{"line":88,"column":4},"end":{"line":88,"column":34}},"20":{"start":{"line":90,"column":4},"end":{"line":90,"column":21}},"21":{"start":{"line":91,"column":4},"end":{"line":91,"column":54}},"22":{"start":{"line":129,"column":0},"end":{"line":157,"column":3}},"23":{"start":{"line":130,"column":2},"end":{"line":156,"column":3}},"24":{"start":{"line":131,"column":19},"end":{"line":131,"column":29}},"25":{"start":{"line":132,"column":43},"end":{"line":132,"column":51}},"26":{"start":{"line":134,"column":20},"end":{"line":134,"column":46}},"27":{"start":{"line":135,"column":4},"end":{"line":137,"column":5}},"28":{"start":{"line":136,"column":6},"end":{"line":136,"column":68}},"29":{"start":{"line":139,"column":4},"end":{"line":141,"column":5}},"30":{"start":{"line":140,"column":6},"end":{"line":140,"column":65}},"31":{"start":{"line":143,"column":4},"end":{"line":145,"column":5}},"32":{"start":{"line":144,"column":6},"end":{"line":144,"column":93}},"33":{"start":{"line":147,"column":4},"end":{"line":147,"column":49}},"34":{"start":{"line":147,"column":19},"end":{"line":147,"column":49}},"35":{"start":{"line":148,"column":4},"end":{"line":148,"column":46}},"36":{"start":{"line":148,"column":18},"end":{"line":148,"column":46}},"37":{"start":{"line":149,"column":4},"end":{"line":149,"column":37}},"38":{"start":{"line":149,"column":15},"end":{"line":149,"column":37}},"39":{"start":{"line":151,"column":4},"end":{"line":151,"column":25}},"40":{"start":{"line":152,"column":4},"end":{"line":152,"column":22}},"41":{"start":{"line":154,"column":4},"end":{"line":154,"column":21}},"42":{"start":{"line":155,"column":4},"end":{"line":155,"column":54}},"43":{"start":{"line":181,"column":0},"end":{"line":200,"column":3}},"44":{"start":{"line":182,"column":2},"end":{"line":199,"column":3}},"45":{"start":{"line":183,"column":19},"end":{"line":183,"column":29}},"46":{"start":{"line":185,"column":20},"end":{"line":185,"column":46}},"47":{"start":{"line":186,"column":4},"end":{"line":188,"column":5}},"48":{"start":{"line":187,"column":6},"end":{"line":187,"column":68}},"49":{"start":{"line":190,"column":4},"end":{"line":192,"column":5}},"50":{"start":{"line":191,"column":6},"end":{"line":191,"column":65}},"51":{"start":{"line":194,"column":4},"end":{"line":194,"column":30}},"52":{"start":{"line":195,"column":4},"end":{"line":195,"column":27}},"53":{"start":{"line":197,"column":4},"end":{"line":197,"column":21}},"54":{"start":{"line":198,"column":4},"end":{"line":198,"column":54}},"55":{"start":{"line":202,"column":0},"end":{"line":202,"column":24}}},"fnMap":{"0":{"name":"(anonymous_0)","decl":{"start":{"line":23,"column":16},"end":{"line":23,"column":17}},"loc":{"start":{"line":23,"column":36},"end":{"line":31,"column":1}},"line":23},"1":{"name":"(anonymous_1)","decl":{"start":{"line":69,"column":17},"end":{"line":69,"column":18}},"loc":{"start":{"line":69,"column":37},"end":{"line":93,"column":1}},"line":69},"2":{"name":"(anonymous_2)","decl":{"start":{"line":129,"column":21},"end":{"line":129,"column":22}},"loc":{"start":{"line":129,"column":41},"end":{"line":157,"column":1}},"line":129},"3":{"name":"(anonymous_3)","decl":{"start":{"line":181,"column":22},"end":{"line":181,"column":23}},"loc":{"start":{"line":181,"column":42},"end":{"line":200,"column":1}},"line":181}},"branchMap":{"0":{"loc":{"start":{"line":73,"column":4},"end":{"line":75,"column":5}},"type":"if","locations":[{"start":{"line":73,"column":4},"end":{"line":75,"column":5}},{"start":{},"end":{}}],"line":73},"1":{"loc":{"start":{"line":73,"column":8},"end":{"line":73,"column":41}},"type":"binary-expr","locations":[{"start":{"line":73,"column":8},"end":{"line":73,"column":18}},{"start":{"line":73,"column":22},"end":{"line":73,"column":31}},{"start":{"line":73,"column":35},"end":{"line":73,"column":41}}],"line":73},"2":{"loc":{"start":{"line":77,"column":4},"end":{"line":79,"column":5}},"type":"if","locations":[{"start":{"line":77,"column":4},"end":{"line":79,"column":5}},{"start":{},"end":{}}],"line":77},"3":{"loc":{"start":{"line":77,"column":8},"end":{"line":77,"column":46}},"type":"binary-expr","locations":[{"start":{"line":77,"column":8},"end":{"line":77,"column":25}},{"start":{"line":77,"column":29},"end":{"line":77,"column":46}}],"line":77},"4":{"loc":{"start":{"line":135,"column":4},"end":{"line":137,"column":5}},"type":"if","locations":[{"start":{"line":135,"column":4},"end":{"line":137,"column":5}},{"start":{},"end":{}}],"line":135},"5":{"loc":{"start":{"line":139,"column":4},"end":{"line":141,"column":5}},"type":"if","locations":[{"start":{"line":139,"column":4},"end":{"line":141,"column":5}},{"start":{},"end":{}}],"line":139},"6":{"loc":{"start":{"line":143,"column":4},"end":{"line":145,"column":5}},"type":"if","locations":[{"start":{"line":143,"column":4},"end":{"line":145,"column":5}},{"start":{},"end":{}}],"line":143},"7":{"loc":{"start":{"line":143,"column":8},"end":{"line":143,"column":57}},"type":"binary-expr","locations":[{"start":{"line":143,"column":8},"end":{"line":143,"column":13}},{"start":{"line":143,"column":18},"end":{"line":143,"column":35}},{"start":{"line":143,"column":39},"end":{"line":143,"column":56}}],"line":143},"8":{"loc":{"start":{"line":147,"column":4},"end":{"line":147,"column":49}},"type":"if","locations":[{"start":{"line":147,"column":4},"end":{"line":147,"column":49}},{"start":{},"end":{}}],"line":147},"9":{"loc":{"start":{"line":148,"column":4},"end":{"line":148,"column":46}},"type":"if","locations":[{"start":{"line":148,"column":4},"end":{"line":148,"column":46}},{"start":{},"end":{}}],"line":148},"10":{"loc":{"start":{"line":149,"column":4},"end":{"line":149,"column":37}},"type":"if","locations":[{"start":{"line":149,"column":4},"end":{"line":149,"column":37}},{"start":{},"end":{}}],"line":149},"11":{"loc":{"start":{"line":186,"column":4},"end":{"line":188,"column":5}},"type":"if","locations":[{"start":{"line":186,"column":4},"end":{"line":188,"column":5}},{"start":{},"end":{}}],"line":186},"12":{"loc":{"start":{"line":190,"column":4},"end":{"line":192,"column":5}},"type":"if","locations":[{"start":{"line":190,"column":4},"end":{"line":192,"column":5}},{"start":{},"end":{}}],"line":190}},"s":{"0":2,"1":2,"2":2,"3":2,"4":2,"5":2,"6":1,"7":1,"8":1,"9":0,"10":0,"11":2,"12":1,"13":1,"14":1,"15":0,"16":1,"17":0,"18":1,"19":1,"20":0,"21":0,"22":2,"23":1,"24":1,"25":1,"26":1,"27":1,"28":0,"29":1,"30":0,"31":1,"32":0,"33":1,"34":1,"35":1,"36":0,"37":1,"38":1,"39":1,"40":1,"41":0,"42":0,"43":2,"44":1,"45":1,"46":1,"47":1,"48":0,"49":1,"50":0,"51":1,"52":1,"53":0,"54":0,"55":2},"f":{"0":1,"1":1,"2":1,"3":1},"b":{"0":[0,1],"1":[1,1,1],"2":[0,1],"3":[1,1],"4":[0,1],"5":[0,1],"6":[0,1],"7":[1,1,1],"8":[1,0],"9":[0,1],"10":[1,0],"11":[0,1],"12":[0,1]},"_coverageSchema":"1a1c01bbd47fc00a2c39e90264f33305004495a9","hash":"1a21ceb47acb211a41f05f475a41bf52007660c7"}
}
