TN:
SF:src\index.js
FN:16,(anonymous_0)
FN:32,(anonymous_1)
FN:32,(anonymous_2)
FN:36,(anonymous_3)
FNF:4
FNH:0
FNDA:0,(anonymous_0)
FNDA:0,(anonymous_1)
FNDA:0,(anonymous_2)
FNDA:0,(anonymous_3)
DA:1,2
DA:2,2
DA:3,2
DA:4,2
DA:5,2
DA:6,2
DA:7,2
DA:8,2
DA:10,2
DA:12,2
DA:13,2
DA:16,2
DA:19,2
DA:20,2
DA:23,2
DA:26,2
DA:29,2
DA:30,0
DA:31,0
DA:32,0
DA:33,0
DA:34,0
DA:37,0
DA:38,0
LF:24
LH:17
BRDA:29,0,0,0
BRDA:29,0,1,2
BRDA:30,1,0,0
BRDA:30,1,1,0
BRF:4
BRH:1
end_of_record
TN:
SF:src\config\db.js
FN:3,connectDB
FNF:1
FNH:0
FNDA:0,connectDB
DA:1,2
DA:4,0
DA:5,0
DA:6,0
DA:7,0
DA:8,0
DA:9,0
DA:10,0
DA:12,2
LF:9
LH:2
BRDA:6,0,0,0
BRDA:6,0,1,0
BRDA:7,1,0,0
BRDA:7,1,1,0
BRF:4
BRH:0
end_of_record
TN:
SF:src\docs\swagger.js
FNF:0
FNH:0
DA:1,2
DA:3,2
DA:30,2
DA:32,2
LF:4
LH:4
BRF:0
BRH:0
end_of_record
TN:
SF:src\middleware\requireAuth.js
FN:3,requireAuth
FNF:1
FNH:1
FNDA:6,requireAuth
DA:1,2
DA:4,6
DA:5,6
DA:6,6
DA:7,2
DA:9,4
DA:10,4
DA:11,4
DA:12,4
DA:14,0
DA:18,2
LF:11
LH:10
BRDA:4,0,0,6
BRDA:4,0,1,2
BRDA:6,1,0,2
BRDA:6,1,1,4
BRDA:6,2,0,6
BRDA:6,2,1,4
BRF:6
BRH:6
end_of_record
TN:
SF:src\models\Contact.js
FNF:0
FNH:0
DA:1,2
DA:3,2
DA:35,2
LF:3
LH:3
BRF:0
BRH:0
end_of_record
TN:
SF:src\models\User.js
FN:19,(anonymous_0)
FNF:1
FNH:0
FNDA:0,(anonymous_0)
DA:1,2
DA:3,2
DA:19,2
DA:20,0
DA:21,0
DA:22,0
DA:25,2
LF:7
LH:4
BRF:0
BRH:0
end_of_record
TN:
SF:src\routes\auth.routes.js
FN:9,(anonymous_0)
FN:50,(anonymous_1)
FN:75,(anonymous_2)
FNF:3
FNH:2
FNDA:4,(anonymous_0)
FNDA:2,(anonymous_1)
FNDA:0,(anonymous_2)
DA:1,2
DA:2,2
DA:3,2
DA:4,2
DA:5,2
DA:7,2
DA:9,2
DA:10,4
DA:11,4
DA:13,4
DA:14,0
DA:17,4
DA:18,4
DA:20,4
DA:21,4
DA:24,3
DA:30,3
DA:39,1
DA:42,1
DA:43,1
DA:46,0
DA:50,2
DA:51,2
DA:52,2
DA:54,2
DA:56,2
DA:57,2
DA:59,1
DA:60,1
DA:62,1
DA:68,1
DA:70,0
DA:71,0
DA:75,2
DA:76,0
DA:77,0
DA:78,0
DA:81,2
LF:38
LH:31
BRDA:13,0,0,0
BRDA:13,0,1,4
BRDA:13,1,0,4
BRDA:13,1,1,4
BRDA:13,1,2,4
BRDA:18,2,0,0
BRDA:18,2,1,4
BRDA:42,3,0,1
BRDA:42,3,1,0
BRDA:54,4,0,0
BRDA:54,4,1,2
BRDA:54,5,0,2
BRDA:54,5,1,2
BRDA:57,6,0,1
BRDA:57,6,1,1
BRDA:60,7,0,0
BRDA:60,7,1,1
BRDA:77,8,0,0
BRDA:77,8,1,0
BRF:19
BRH:12
end_of_record
TN:
SF:src\routes\contact.routes.js
FN:23,(anonymous_0)
FN:69,(anonymous_1)
FN:129,(anonymous_2)
FN:181,(anonymous_3)
FNF:4
FNH:4
FNDA:1,(anonymous_0)
FNDA:1,(anonymous_1)
FNDA:1,(anonymous_2)
FNDA:1,(anonymous_3)
DA:1,2
DA:2,2
DA:3,2
DA:5,2
DA:7,2
DA:23,2
DA:24,1
DA:25,1
DA:26,1
DA:28,0
DA:29,0
DA:69,2
DA:70,1
DA:71,1
DA:73,1
DA:74,0
DA:77,1
DA:78,0
DA:81,1
DA:88,1
DA:90,0
DA:91,0
DA:129,2
DA:130,1
DA:131,1
DA:132,1
DA:134,1
DA:135,1
DA:136,0
DA:139,1
DA:140,0
DA:143,1
DA:144,0
DA:147,1
DA:148,1
DA:149,1
DA:151,1
DA:152,1
DA:154,0
DA:155,0
DA:181,2
DA:182,1
DA:183,1
DA:185,1
DA:186,1
DA:187,0
DA:190,1
DA:191,0
DA:194,1
DA:195,1
DA:197,0
DA:198,0
DA:202,2
LF:53
LH:38
BRDA:73,0,0,0
BRDA:73,0,1,1
BRDA:73,1,0,1
BRDA:73,1,1,1
BRDA:73,1,2,1
BRDA:77,2,0,0
BRDA:77,2,1,1
BRDA:77,3,0,1
BRDA:77,3,1,1
BRDA:135,4,0,0
BRDA:135,4,1,1
BRDA:139,5,0,0
BRDA:139,5,1,1
BRDA:143,6,0,0
BRDA:143,6,1,1
BRDA:143,7,0,1
BRDA:143,7,1,1
BRDA:143,7,2,1
BRDA:147,8,0,1
BRDA:147,8,1,0
BRDA:148,9,0,0
BRDA:148,9,1,1
BRDA:149,10,0,1
BRDA:149,10,1,0
BRDA:186,11,0,0
BRDA:186,11,1,1
BRDA:190,12,0,0
BRDA:190,12,1,1
BRF:28
BRH:18
end_of_record
